<?xml version="1.0" encoding="UTF-8"?>
<!-- Generated by org.testng.reporters.JUnitReportReporter -->
<testsuite skipped="0" hostname="DESKTOP-G0D562V" name="Cases.CaseOne" tests="2" failures="0" timestamp="27 Feb 2020 07:37:46 GMT" time="77.810" errors="0">
  <testcase name="clickNewEvent" time="48.765" classname="Cases.CaseOne"/>
  <testcase name="caseOne" time="29.045" classname="Cases.CaseOne"/>
</testsuite> <!-- Cases.CaseOne -->
