<?xml version="1.0" encoding="UTF-8"?>
<!-- Generated by org.testng.reporters.JUnitReportReporter -->
<testsuite skipped="0" hostname="DESKTOP-G0D562V" name="Cases.CaseOne" tests="1" failures="0" timestamp="26 Feb 2020 04:56:14 GMT" time="27.116" errors="0">
  <testcase name="Login" time="27.116" classname="Cases.CaseOne"/>
</testsuite> <!-- Cases.CaseOne -->
