<?xml version="1.0" encoding="UTF-8"?>
<!-- Generated by org.testng.reporters.JUnitReportReporter -->
<testsuite skipped="0" hostname="DESKTOP-G0D562V" name="Cases.CaseOne" tests="2" failures="0" timestamp="27 Feb 2020 08:54:51 GMT" time="46.320" errors="0">
  <testcase name="clickNewEvent" time="28.865" classname="Cases.CaseOne"/>
  <testcase name="caseOne" time="17.455" classname="Cases.CaseOne"/>
</testsuite> <!-- Cases.CaseOne -->
